<?xml version="1.0" encoding="UTF-8"?>
<!-- Generated by org.testng.reporters.JUnitXMLReporter -->
<testsuite ignored="0" hostname="Lap-Mleite" failures="0" tests="4" name="Test Basics 1" time="51.331" errors="0" timestamp="2020-08-26T14:40:20 BRT">
  <testcase classname="app.HomePage" name="basePageNavigation" time="13.231"/>
  <testcase classname="app.HomePage" name="basePageNavigation" time="2.736"/>
  <testcase classname="app.ValidateTitle" name="basePageNavigation" time="0.04"/>
  <testcase classname="app.ValidateNavigationBar" name="basePageNavigation" time="0.07"/>
</testsuite> <!-- Test Basics 1 -->
