<?xml version="1.0" encoding="UTF-8"?>
<testng-results ignored="0" total="4" passed="4" failed="0" skipped="0">
  <reporter-output>
  </reporter-output>
  <suite started-at="2020-08-26T14:39:29 BRT" name="Suite" finished-at="2020-08-26T14:40:20 BRT" duration-ms="51331">
    <groups>
    </groups>
    <test started-at="2020-08-26T14:39:29 BRT" name="Test Basics 1" finished-at="2020-08-26T14:40:20 BRT" duration-ms="51331">
      <class name="app.ValidateNavigationBar">
        <test-method is-config="true" signature="initialize()[pri:0, instance:app.ValidateNavigationBar@488d1cd7]" started-at="2020-08-26T14:39:33 BRT" name="initialize" finished-at="2020-08-26T14:39:47 BRT" duration-ms="13872" status="PASS">
          <reporter-output>
          </reporter-output>
        </test-method> <!-- initialize -->
        <test-method signature="basePageNavigation()[pri:0, instance:app.ValidateNavigationBar@488d1cd7]" started-at="2020-08-26T14:40:17 BRT" name="basePageNavigation" finished-at="2020-08-26T14:40:17 BRT" duration-ms="70" status="PASS">
          <reporter-output>
          </reporter-output>
        </test-method> <!-- basePageNavigation -->
        <test-method is-config="true" signature="tearDown()[pri:0, instance:app.ValidateNavigationBar@488d1cd7]" started-at="2020-08-26T14:40:18 BRT" name="tearDown" finished-at="2020-08-26T14:40:19 BRT" duration-ms="816" status="PASS">
          <reporter-output>
          </reporter-output>
        </test-method> <!-- tearDown -->
      </class> <!-- app.ValidateNavigationBar -->
      <class name="app.HomePage">
        <test-method is-config="true" signature="initialize()[pri:0, instance:app.HomePage@6d07a63d]" started-at="2020-08-26T14:39:29 BRT" name="initialize" finished-at="2020-08-26T14:39:33 BRT" duration-ms="4072" status="PASS">
          <reporter-output>
          </reporter-output>
        </test-method> <!-- initialize -->
        <test-method signature="basePageNavigation(java.lang.String, java.lang.String, java.lang.String)[pri:0, instance:app.HomePage@6d07a63d]" started-at="2020-08-26T14:40:01 BRT" name="basePageNavigation" data-provider="getData" finished-at="2020-08-26T14:40:15 BRT" duration-ms="13231" status="PASS">
          <params>
            <param index="0">
              <value>
                <![CDATA[teste1@teste.com]]>
              </value>
            </param>
            <param index="1">
              <value>
                <![CDATA[senha1]]>
              </value>
            </param>
            <param index="2">
              <value>
                <![CDATA[Primeiro Teste]]>
              </value>
            </param>
          </params>
          <reporter-output>
          </reporter-output>
        </test-method> <!-- basePageNavigation -->
        <test-method signature="basePageNavigation(java.lang.String, java.lang.String, java.lang.String)[pri:0, instance:app.HomePage@6d07a63d]" started-at="2020-08-26T14:40:15 BRT" name="basePageNavigation" data-provider="getData" finished-at="2020-08-26T14:40:17 BRT" duration-ms="2736" status="PASS">
          <params>
            <param index="0">
              <value>
                <![CDATA[teste1@teste.com]]>
              </value>
            </param>
            <param index="1">
              <value>
                <![CDATA[senha1]]>
              </value>
            </param>
            <param index="2">
              <value>
                <![CDATA[Segundo Teste]]>
              </value>
            </param>
          </params>
          <reporter-output>
          </reporter-output>
        </test-method> <!-- basePageNavigation -->
        <test-method is-config="true" signature="tearDown()[pri:0, instance:app.HomePage@6d07a63d]" started-at="2020-08-26T14:40:17 BRT" name="tearDown" finished-at="2020-08-26T14:40:18 BRT" duration-ms="920" status="PASS">
          <reporter-output>
          </reporter-output>
        </test-method> <!-- tearDown -->
      </class> <!-- app.HomePage -->
      <class name="app.ValidateTitle">
        <test-method is-config="true" signature="initialize()[pri:0, instance:app.ValidateTitle@571c5681]" started-at="2020-08-26T14:39:47 BRT" name="initialize" finished-at="2020-08-26T14:40:01 BRT" duration-ms="14710" status="PASS">
          <reporter-output>
          </reporter-output>
        </test-method> <!-- initialize -->
        <test-method signature="basePageNavigation()[pri:0, instance:app.ValidateTitle@571c5681]" started-at="2020-08-26T14:40:17 BRT" name="basePageNavigation" finished-at="2020-08-26T14:40:17 BRT" duration-ms="40" status="PASS">
          <reporter-output>
          </reporter-output>
        </test-method> <!-- basePageNavigation -->
        <test-method is-config="true" signature="tearDown()[pri:0, instance:app.ValidateTitle@571c5681]" started-at="2020-08-26T14:40:19 BRT" name="tearDown" finished-at="2020-08-26T14:40:20 BRT" duration-ms="835" status="PASS">
          <reporter-output>
          </reporter-output>
        </test-method> <!-- tearDown -->
      </class> <!-- app.ValidateTitle -->
    </test> <!-- Test Basics 1 -->
  </suite> <!-- Suite -->
</testng-results>
