<?xml version="1.0" encoding="UTF-8"?>
<testsuite xmlns:xsi="http://www.w3.org/2001/XMLSchema-instance" xsi:noNamespaceSchemaLocation="https://maven.apache.org/surefire/maven-surefire-plugin/xsd/surefire-test-report-3.0.xsd" version="3.0" name="TestSuite" time="52.534" tests="4" errors="0" skipped="0" failures="0">
  <properties>
[...]
</properties>
  <testcase name="basePageNavigation[teste1@teste.com, senha1, Primeiro Teste](1)" classname="app.HomePage" time="13.101">
    <system-out><![CDATA[[TestNGContentHandler] [WARN] It is strongly recommended to add "<!DOCTYPE suite SYSTEM "https://testng.org/testng-1.0.dtd" >" at the top of your file, otherwise TestNG may fail or not work as expected.
0 [main] INFO app.Base  - Driver is initialized
4198 [main] INFO app.Base  - Driver is initialized
4198 [main] INFO app.Base  - Driver is initialized
13873 [main] INFO app.Base  - Navigate to Homepage
13873 [main] INFO app.Base  - Navigate to Homepage
18105 [main] INFO app.Base  - Driver is initialized
18105 [main] INFO app.Base  - Driver is initialized
18105 [main] INFO app.Base  - Driver is initialized
28583 [main] INFO app.Base  - Navigate to Homepage
28583 [main] INFO app.Base  - Navigate to Homepage
28583 [main] INFO app.Base  - Navigate to Homepage
37844 [main] INFO app.Base  - Navigate to Homepage
37844 [main] INFO app.Base  - Navigate to Homepage
37844 [main] INFO app.Base  - Navigate to Homepage
41837 [main] INFO app.Base  - Primeiro Teste
41837 [main] INFO app.Base  - Primeiro Teste
41837 [main] INFO app.Base  - Primeiro Teste
]]></system-out>
    <system-err><![CDATA[1598463569519	geckodriver	INFO	Listening on 127.0.0.1:26210
1598463570003	mozrunner::runner	INFO	Running command: "C:\\Program Files\\Mozilla Firefox\\firefox.exe" "--marionette" "-foreground" "-no-remote" "-profile" "C:\\Users\\mleite\\AppData\\Local\\Temp\\rust_mozprofileZxEGr8"
JavaScript error: resource://gre/modules/XULStore.jsm, line 66: Error: Can't find profile directory.
console.error: SearchCache: "_readCacheFile: Error reading cache file:" (new Error("", "(unknown module)"))
1598463573038	Marionette	INFO	Listening on port 55204
1598463573143	Marionette	WARN	TLS certificate errors will be ignored for this session
ago 26, 2020 2:39:33 PM org.openqa.selenium.remote.ProtocolHandshake createSession
INFORMAÇÕES: Detected dialect: W3C
1598463573473	geckodriver	INFO	Listening on 127.0.0.1:41753
1598463573829	mozrunner::runner	INFO	Running command: "C:\\Program Files\\Mozilla Firefox\\firefox.exe" "--marionette" "-foreground" "-no-remote" "-profile" "C:\\Users\\mleite\\AppData\\Local\\Temp\\rust_mozprofileeeInem"
JavaScript error: resource://gre/modules/XULStore.jsm, line 66: Error: Can't find profile directory.
console.error: SearchCache: "_readCacheFile: Error reading cache file:" (new Error("", "(unknown module)"))
1598463577007	Marionette	INFO	Listening on port 55237
1598463577455	Marionette	WARN	TLS certificate errors will be ignored for this session
ago 26, 2020 2:39:37 PM org.openqa.selenium.remote.ProtocolHandshake createSession
INFORMAÇÕES: Detected dialect: W3C
1598463587314	geckodriver	INFO	Listening on 127.0.0.1:30776
1598463587717	mozrunner::runner	INFO	Running command: "C:\\Program Files\\Mozilla Firefox\\firefox.exe" "--marionette" "-foreground" "-no-remote" "-profile" "C:\\Users\\mleite\\AppData\\Local\\Temp\\rust_mozprofilesKyKIT"
JavaScript error: resource://gre/modules/XULStore.jsm, line 66: Error: Can't find profile directory.
console.error: SearchCache: "_readCacheFile: Error reading cache file:" (new Error("", "(unknown module)"))
1598463591106	Marionette	INFO	Listening on port 55310
1598463591350	Marionette	WARN	TLS certificate errors will be ignored for this session
ago 26, 2020 2:39:51 PM org.openqa.selenium.remote.ProtocolHandshake createSession
INFORMAÇÕES: Detected dialect: W3C
]]></system-err>
  </testcase>
  <testcase name="basePageNavigation[teste1@teste.com, senha1, Segundo Teste](2)" classname="app.HomePage" time="2.723">
    <system-out><![CDATA[43529 [main] INFO app.Base  - Navigate to Homepage
43529 [main] INFO app.Base  - Navigate to Homepage
43529 [main] INFO app.Base  - Navigate to Homepage
44575 [main] INFO app.Base  - Segundo Teste
44575 [main] INFO app.Base  - Segundo Teste
44575 [main] INFO app.Base  - Segundo Teste
]]></system-out>
  </testcase>
  <testcase name="basePageNavigation" classname="app.ValidateTitle" time="0.034">
    <system-out><![CDATA[44618 [main] INFO app.Base  - Successfully validated text message
44618 [main] INFO app.Base  - Successfully validated text message
44618 [main] INFO app.Base  - Successfully validated text message
]]></system-out>
  </testcase>
  <testcase name="basePageNavigation" classname="app.ValidateNavigationBar" time="0.053">
    <system-out><![CDATA[44689 [main] INFO app.Base  - Navigate to Homepage
44689 [main] INFO app.Base  - Navigate to Homepage
44689 [main] INFO app.Base  - Navigate to Homepage
]]></system-out>
  </testcase>
</testsuite>